C51 COMPILER V8.08   LESSON2                                                               07/03/2015 15:48:54 PAGE 1   


C51 COMPILER V8.08, COMPILATION OF MODULE LESSON2
OBJECT MODULE PLACED IN .\lesson2.obj
COMPILER INVOKED BY: E:\学习软件\jfsky.com-KEILUV38.08+注册机\C51\BIN\C51.EXE G:\lesson2.c BROWSE DEBUG OBJECTEXTEND PRI
                    -NT(.\lesson2.lst) TABS(3) OBJECT(.\lesson2.obj)

line level    source

   1          #include<reg52.h>
   2          sbit p1_1=P1^0;
   3          unsigned int a;
   4          void main()
   5          {
   6   1         while(1)
   7   1         {
   8   2            a=51000;//a最大值超过65535后值为x-65535
   9   2            p1_1=0;
  10   2            while(a--);
  11   2            a=51000;
  12   2            while(a--);
  13   2            a=51000;
  14   2            p1_1=1;
  15   2            while(a--);
  16   2               a=51000;
  17   2               while(a--);
  18   2         }
  19   1      }


MODULE INFORMATION:   STATIC OVERLAYABLE
   CODE SIZE        =     82    ----
   CONSTANT SIZE    =   ----    ----
   XDATA SIZE       =   ----    ----
   PDATA SIZE       =   ----    ----
   DATA SIZE        =      2    ----
   IDATA SIZE       =   ----    ----
   BIT SIZE         =   ----    ----
END OF MODULE INFORMATION.


C51 COMPILATION COMPLETE.  0 WARNING(S),  0 ERROR(S)
