C51 COMPILER V8.08   4_16_                                                                 08/21/2015 17:51:23 PAGE 1   


C51 COMPILER V8.08, COMPILATION OF MODULE 4_16_
OBJECT MODULE PLACED IN 4_16_.OBJ
COMPILER INVOKED BY: E:\学习软件\jfsky.com-KEILUV38.08+注册机\C51\BIN\C51.EXE 4_16_.c BROWSE DEBUG OBJECTEXTEND TABS(3)

line level    source

   1          #include  <reg52.h>  //包含特殊功能寄存器库
   2          
   3          #include  <stdio.h>  //包含I/O函数库 
   4          main()
   5          
   6          {
   7   1      
   8   1      unsigned char  x,y,z;
   9   1      
  10   1      unsigned char  *p,*p1,*p2,*p3;
  11   1      TMOD=0x20;
  12   1      
  13   1      TH1=0XF3;
  14   1      
  15   1      TR1=1;
  16   1      
  17   1      printf("input  x,y and z:\n");
  18   1      
  19   1      scanf("%c,%c,%c",&x,&y,&z);
  20   1      
  21   1      printf("\n");
  22   1      
  23   1      p1=&x;p2=&y; p3=&z;
  24   1      
  25   1      if (*p1<*p2) {p=p1;p1=p2;p2=p;}
  26   1      
  27   1      if (*p2<*p3) {p=p2;p2=p3;p3=p;}
  28   1      
  29   1      if (*p1<*p2) {p=p1;p1=p2;p2=p;} printf("max to min is:%c,%c,%c\n",*p1,*p2,*p3);
  30   1      
  31   1      while(1);
  32   1      
  33   1      }


MODULE INFORMATION:   STATIC OVERLAYABLE
   CODE SIZE        =    274    ----
   CONSTANT SIZE    =     54    ----
   XDATA SIZE       =   ----    ----
   PDATA SIZE       =   ----    ----
   DATA SIZE        =   ----      15
   IDATA SIZE       =   ----    ----
   BIT SIZE         =   ----    ----
END OF MODULE INFORMATION.


C51 COMPILATION COMPLETE.  0 WARNING(S),  0 ERROR(S)
